Reading netlist file: "E:\git\TangNano9K_motordriver\sampleProject\StepperMotor\impl\gwsynthesis\StepperMotor.vg"
Parsing netlist file "E:\git\TangNano9K_motordriver\sampleProject\StepperMotor\impl\gwsynthesis\StepperMotor.vg" completed
Processing netlist completed
Reading constraint file: "E:\git\TangNano9K_motordriver\sampleProject\StepperMotor\src\top.cst"
Physical Constraint parsed completed
Running placement......
[10%] Placement Phase 0 completed
[20%] Placement Phase 1 completed
[30%] Placement Phase 2 completed
[50%] Placement Phase 3 completed
Running routing......
[60%] Routing Phase 0 completed
[70%] Routing Phase 1 completed
[80%] Routing Phase 2 completed
[90%] Routing Phase 3 completed
Running timing analysis......
[95%] Timing analysis completed
Placement and routing completed
Bitstream generation in progress......
Bitstream generation completed
Running power analysis......
[100%] Power analysis completed
Generate file "E:\git\TangNano9K_motordriver\sampleProject\StepperMotor\impl\pnr\StepperMotor.power.html" completed
Generate file "E:\git\TangNano9K_motordriver\sampleProject\StepperMotor\impl\pnr\StepperMotor.pin.html" completed
Generate file "E:\git\TangNano9K_motordriver\sampleProject\StepperMotor\impl\pnr\StepperMotor.rpt.html" completed
Generate file "E:\git\TangNano9K_motordriver\sampleProject\StepperMotor\impl\pnr\StepperMotor.rpt.txt" completed
Generate file "E:\git\TangNano9K_motordriver\sampleProject\StepperMotor\impl\pnr\StepperMotor.tr.html" completed
Thu Jan 19 13:46:19 2023

