Reading netlist file: "E:\git\TangNano9K_motordriver\sampleProject\triple\impl\gwsynthesis\triple.vg"
Parsing netlist file "E:\git\TangNano9K_motordriver\sampleProject\triple\impl\gwsynthesis\triple.vg" completed
Processing netlist completed
Reading constraint file: "E:\git\TangNano9K_motordriver\sampleProject\triple\src\top.cst"
Physical Constraint parsed completed
Running placement......
[10%] Placement Phase 0 completed
[20%] Placement Phase 1 completed
[30%] Placement Phase 2 completed
[50%] Placement Phase 3 completed
Running routing......
[60%] Routing Phase 0 completed
[70%] Routing Phase 1 completed
[80%] Routing Phase 2 completed
[90%] Routing Phase 3 completed
Running timing analysis......
[95%] Timing analysis completed
Placement and routing completed
Bitstream generation in progress......
Bitstream generation completed
Running power analysis......
[100%] Power analysis completed
Generate file "E:\git\TangNano9K_motordriver\sampleProject\triple\impl\pnr\triple.power.html" completed
Generate file "E:\git\TangNano9K_motordriver\sampleProject\triple\impl\pnr\triple.pin.html" completed
Generate file "E:\git\TangNano9K_motordriver\sampleProject\triple\impl\pnr\triple.rpt.html" completed
Generate file "E:\git\TangNano9K_motordriver\sampleProject\triple\impl\pnr\triple.rpt.txt" completed
Generate file "E:\git\TangNano9K_motordriver\sampleProject\triple\impl\pnr\triple.tr.html" completed
Wed Jan 25 19:21:35 2023

