GowinSynthesis start
Running parser ...
Analyzing Verilog file 'D:\Git\gowin\PolyphonyMatrix\src\LEDMatrixAB_m.v'
WARN  (EX2478) : Non-net output port 'boardLED1' cannot be initialized at declaration in SystemVerilog mode("D:\Git\gowin\PolyphonyMatrix\src\LEDMatrixAB_m.v":6)
WARN  (EX2478) : Non-net output port 'col' cannot be initialized at declaration in SystemVerilog mode("D:\Git\gowin\PolyphonyMatrix\src\LEDMatrixAB_m.v":7)
WARN  (EX2478) : Non-net output port 'row' cannot be initialized at declaration in SystemVerilog mode("D:\Git\gowin\PolyphonyMatrix\src\LEDMatrixAB_m.v":8)
Analyzing Verilog file 'D:\Git\gowin\PolyphonyMatrix\src\top.sv'
Compiling module 'top'("D:\Git\gowin\PolyphonyMatrix\src\top.sv":3)
Compiling module 'matrix_led_driver'("D:\Git\gowin\PolyphonyMatrix\src\top.sv":130)
WARN  (EX3791) : Expression size 32 truncated to fit in target size 8("D:\Git\gowin\PolyphonyMatrix\src\top.sv":140)
WARN  (EX3791) : Expression size 4 truncated to fit in target size 3("D:\Git\gowin\PolyphonyMatrix\src\top.sv":152)
Compiling module 'timer(COUNT_MAX=27000)'("D:\Git\gowin\PolyphonyMatrix\src\top.sv":166)
WARN  (EX3791) : Expression size 16 truncated to fit in target size 15("D:\Git\gowin\PolyphonyMatrix\src\top.sv":180)
Compiling module 'LEDMatrixAB_m'("D:\Git\gowin\PolyphonyMatrix\src\LEDMatrixAB_m.v":1)
WARN  (EX3791) : Expression size 17 truncated to fit in target size 16("D:\Git\gowin\PolyphonyMatrix\src\LEDMatrixAB_m.v":453)
WARN  (EX3791) : Expression size 17 truncated to fit in target size 16("D:\Git\gowin\PolyphonyMatrix\src\LEDMatrixAB_m.v":454)
WARN  (EX3791) : Expression size 32 truncated to fit in target size 16("D:\Git\gowin\PolyphonyMatrix\src\LEDMatrixAB_m.v":455)
WARN  (EX3791) : Expression size 6 truncated to fit in target size 5("D:\Git\gowin\PolyphonyMatrix\src\LEDMatrixAB_m.v":456)
WARN  (EX3791) : Expression size 32 truncated to fit in target size 5("D:\Git\gowin\PolyphonyMatrix\src\LEDMatrixAB_m.v":457)
WARN  (EX3791) : Expression size 32 truncated to fit in target size 5("D:\Git\gowin\PolyphonyMatrix\src\LEDMatrixAB_m.v":458)
WARN  (EX3791) : Expression size 32 truncated to fit in target size 5("D:\Git\gowin\PolyphonyMatrix\src\LEDMatrixAB_m.v":622)
WARN  (EX3791) : Expression size 32 truncated to fit in target size 5("D:\Git\gowin\PolyphonyMatrix\src\LEDMatrixAB_m.v":623)
WARN  (EX3791) : Expression size 32 truncated to fit in target size 5("D:\Git\gowin\PolyphonyMatrix\src\LEDMatrixAB_m.v":624)
WARN  (EX3791) : Expression size 32 truncated to fit in target size 5("D:\Git\gowin\PolyphonyMatrix\src\LEDMatrixAB_m.v":625)
WARN  (EX3791) : Expression size 32 truncated to fit in target size 5("D:\Git\gowin\PolyphonyMatrix\src\LEDMatrixAB_m.v":626)
WARN  (EX3791) : Expression size 32 truncated to fit in target size 8("D:\Git\gowin\PolyphonyMatrix\src\LEDMatrixAB_m.v":627)
WARN  (EX3791) : Expression size 32 truncated to fit in target size 8("D:\Git\gowin\PolyphonyMatrix\src\LEDMatrixAB_m.v":628)
WARN  (EX3791) : Expression size 32 truncated to fit in target size 8("D:\Git\gowin\PolyphonyMatrix\src\LEDMatrixAB_m.v":629)
WARN  (EX3791) : Expression size 32 truncated to fit in target size 5("D:\Git\gowin\PolyphonyMatrix\src\LEDMatrixAB_m.v":630)
WARN  (EX3791) : Expression size 32 truncated to fit in target size 5("D:\Git\gowin\PolyphonyMatrix\src\LEDMatrixAB_m.v":631)
WARN  (EX3791) : Expression size 8 truncated to fit in target size 5("D:\Git\gowin\PolyphonyMatrix\src\LEDMatrixAB_m.v":632)
WARN  (EX3791) : Expression size 32 truncated to fit in target size 5("D:\Git\gowin\PolyphonyMatrix\src\LEDMatrixAB_m.v":633)
WARN  (EX3791) : Expression size 32 truncated to fit in target size 5("D:\Git\gowin\PolyphonyMatrix\src\LEDMatrixAB_m.v":634)
WARN  (EX3791) : Expression size 32 truncated to fit in target size 8("D:\Git\gowin\PolyphonyMatrix\src\LEDMatrixAB_m.v":635)
WARN  (EX3791) : Expression size 32 truncated to fit in target size 5("D:\Git\gowin\PolyphonyMatrix\src\LEDMatrixAB_m.v":637)
WARN  (EX3791) : Expression size 32 truncated to fit in target size 5("D:\Git\gowin\PolyphonyMatrix\src\LEDMatrixAB_m.v":638)
WARN  (EX3791) : Expression size 32 truncated to fit in target size 5("D:\Git\gowin\PolyphonyMatrix\src\LEDMatrixAB_m.v":639)
WARN  (EX3791) : Expression size 32 truncated to fit in target size 5("D:\Git\gowin\PolyphonyMatrix\src\LEDMatrixAB_m.v":640)
WARN  (EX3791) : Expression size 32 truncated to fit in target size 5("D:\Git\gowin\PolyphonyMatrix\src\LEDMatrixAB_m.v":641)
WARN  (EX3791) : Expression size 8 truncated to fit in target size 5("D:\Git\gowin\PolyphonyMatrix\src\LEDMatrixAB_m.v":642)
WARN  (EX3791) : Expression size 32 truncated to fit in target size 5("D:\Git\gowin\PolyphonyMatrix\src\LEDMatrixAB_m.v":643)
WARN  (EX3791) : Expression size 32 truncated to fit in target size 5("D:\Git\gowin\PolyphonyMatrix\src\LEDMatrixAB_m.v":644)
WARN  (EX3791) : Expression size 32 truncated to fit in target size 8("D:\Git\gowin\PolyphonyMatrix\src\LEDMatrixAB_m.v":645)
WARN  (EX3791) : Expression size 6 truncated to fit in target size 5("D:\Git\gowin\PolyphonyMatrix\src\LEDMatrixAB_m.v":646)
WARN  (EX3791) : Expression size 32 truncated to fit in target size 5("D:\Git\gowin\PolyphonyMatrix\src\LEDMatrixAB_m.v":647)
WARN  (EX3791) : Expression size 32 truncated to fit in target size 16("D:\Git\gowin\PolyphonyMatrix\src\LEDMatrixAB_m.v":649)
WARN  (EX3791) : Expression size 32 truncated to fit in target size 8("D:\Git\gowin\PolyphonyMatrix\src\LEDMatrixAB_m.v":650)
WARN  (EX3791) : Expression size 6 truncated to fit in target size 5("D:\Git\gowin\PolyphonyMatrix\src\LEDMatrixAB_m.v":655)
WARN  (EX3696) : Use of 'FONT_DATA' without initialization in static subprogram 'FONT_DATA' may create unintended latch behavior("D:\Git\gowin\PolyphonyMatrix\src\LEDMatrixAB_m.v":279)
WARN  (EX2420) : Latch inferred for net 'FONT_DATA[31]'; We do not recommend the use of latches in FPGA designs, as they may lead to timing problems("D:\Git\gowin\PolyphonyMatrix\src\LEDMatrixAB_m.v":279)
WARN  (EX3791) : Expression size 9 truncated to fit in target size 8("D:\Git\gowin\PolyphonyMatrix\src\LEDMatrixAB_m.v":663)
WARN  (EX3791) : Expression size 32 truncated to fit in target size 8("D:\Git\gowin\PolyphonyMatrix\src\LEDMatrixAB_m.v":664)
WARN  (EX3791) : Expression size 32 truncated to fit in target size 8("D:\Git\gowin\PolyphonyMatrix\src\LEDMatrixAB_m.v":913)
WARN  (EX3791) : Expression size 32 truncated to fit in target size 8("D:\Git\gowin\PolyphonyMatrix\src\LEDMatrixAB_m.v":946)
WARN  (EX3791) : Expression size 32 truncated to fit in target size 8("D:\Git\gowin\PolyphonyMatrix\src\LEDMatrixAB_m.v":979)
WARN  (EX3791) : Expression size 32 truncated to fit in target size 8("D:\Git\gowin\PolyphonyMatrix\src\LEDMatrixAB_m.v":1012)
WARN  (EX3791) : Expression size 32 truncated to fit in target size 8("D:\Git\gowin\PolyphonyMatrix\src\LEDMatrixAB_m.v":1045)
WARN  (EX3791) : Expression size 32 truncated to fit in target size 8("D:\Git\gowin\PolyphonyMatrix\src\LEDMatrixAB_m.v":1079)
WARN  (EX3791) : Expression size 32 truncated to fit in target size 8("D:\Git\gowin\PolyphonyMatrix\src\LEDMatrixAB_m.v":1120)
Compiling module 'timer(COUNT_MAX=13500000)'("D:\Git\gowin\PolyphonyMatrix\src\top.sv":166)
WARN  (EX3791) : Expression size 25 truncated to fit in target size 24("D:\Git\gowin\PolyphonyMatrix\src\top.sv":180)
WARN  (EX3791) : Expression size 2 truncated to fit in target size 1("D:\Git\gowin\PolyphonyMatrix\src\top.sv":125)
NOTE  (EX0101) : Current top module is "top"
[5%] Running netlist conversion ...
WARN  (CV0016) : Input sw2 is unused("D:\Git\gowin\PolyphonyMatrix\src\top.sv":7)
WARN  (CV0016) : Input rotary_a is unused("D:\Git\gowin\PolyphonyMatrix\src\top.sv":8)
WARN  (CV0016) : Input rotary_b is unused("D:\Git\gowin\PolyphonyMatrix\src\top.sv":9)
Running device independent optimization ...
[10%] Optimizing Phase 0 completed
[15%] Optimizing Phase 1 completed
[25%] Optimizing Phase 2 completed
Running inference ...
[30%] Inferring Phase 0 completed
[40%] Inferring Phase 1 completed
[50%] Inferring Phase 2 completed
[55%] Inferring Phase 3 completed
Running technical mapping ...
[60%] Tech-Mapping Phase 0 completed
[65%] Tech-Mapping Phase 1 completed
[75%] Tech-Mapping Phase 2 completed
[80%] Tech-Mapping Phase 3 completed
[90%] Tech-Mapping Phase 4 completed
WARN  (NL0002) : The module "matrix_led_driver" instantiated to "inst_0" is swept in optimizing("D:\Git\gowin\PolyphonyMatrix\src\top.sv":91)
WARN  (NL0002) : The module "timer" instantiated to "inst_0" is swept in optimizing("D:\Git\gowin\PolyphonyMatrix\src\top.sv":162)
[95%] Generate netlist file "D:\Git\gowin\PolyphonyMatrix\impl\gwsynthesis\LEDMatrix.vg" completed
[100%] Generate report file "D:\Git\gowin\PolyphonyMatrix\impl\gwsynthesis\LEDMatrix_syn.rpt.html" completed
GowinSynthesis finish
