Reading netlist file: "D:\Git\TangNano9K_motordriver\sampleProject\Polyphony_Parallel\impl\gwsynthesis\Parallel.vg"
Parsing netlist file "D:\Git\TangNano9K_motordriver\sampleProject\Polyphony_Parallel\impl\gwsynthesis\Parallel.vg" completed
Processing netlist completed
Reading constraint file: "D:\Git\TangNano9K_motordriver\sampleProject\Polyphony_Parallel\src\top.cst"
Physical Constraint parsed completed
Running placement......
[10%] Placement Phase 0 completed
[20%] Placement Phase 1 completed
[30%] Placement Phase 2 completed
[50%] Placement Phase 3 completed
Running routing......
[60%] Routing Phase 0 completed
[70%] Routing Phase 1 completed
[80%] Routing Phase 2 completed
[90%] Routing Phase 3 completed
Running timing analysis......
[95%] Timing analysis completed
Placement and routing completed
Bitstream generation in progress......
Bitstream generation completed
Running power analysis......
[100%] Power analysis completed
Generate file "D:\Git\TangNano9K_motordriver\sampleProject\Polyphony_Parallel\impl\pnr\Parallel.power.html" completed
Generate file "D:\Git\TangNano9K_motordriver\sampleProject\Polyphony_Parallel\impl\pnr\Parallel.pin.html" completed
Generate file "D:\Git\TangNano9K_motordriver\sampleProject\Polyphony_Parallel\impl\pnr\Parallel.rpt.html" completed
Generate file "D:\Git\TangNano9K_motordriver\sampleProject\Polyphony_Parallel\impl\pnr\Parallel.rpt.txt" completed
Generate file "D:\Git\TangNano9K_motordriver\sampleProject\Polyphony_Parallel\impl\pnr\Parallel.tr.html" completed
Sun Jan 15 01:33:38 2023

